WARN  [2013-09-19 18:35:35,695] com.yammer.dropwizard.config.ServerFactory: 
!!!!!!!!!!!!!!!!!!!!!!!!!!!!!!!!!!!!!!!!!!!!!!!!!!!!!!!!!!!!!!!!!!!!!!!!!!!!!!!!
!!!!!!!!!!!!!!!!!!!!!!!!!!!!!!!!!!!!!!!!!!!!!!!!!!!!!!!!!!!!!!!!!!!!!!!!!!!!!!!!
!    THIS SERVICE HAS NO HEALTHCHECKS. THIS MEANS YOU WILL NEVER KNOW IF IT    !
!    DIES IN PRODUCTION, WHICH MEANS YOU WILL NEVER KNOW IF YOU'RE LETTING     !
!     YOUR USERS DOWN. YOU SHOULD ADD A HEALTHCHECK FOR EACH DEPENDENCY OF     !
!     YOUR SERVICE WHICH FULLY (BUT LIGHTLY) TESTS YOUR SERVICE'S ABILITY TO   !
!      USE THAT SERVICE. THINK OF IT AS A CONTINUOUS INTEGRATION TEST.         !
!!!!!!!!!!!!!!!!!!!!!!!!!!!!!!!!!!!!!!!!!!!!!!!!!!!!!!!!!!!!!!!!!!!!!!!!!!!!!!!!
!!!!!!!!!!!!!!!!!!!!!!!!!!!!!!!!!!!!!!!!!!!!!!!!!!!!!!!!!!!!!!!!!!!!!!!!!!!!!!!!
INFO  [2013-09-19 18:35:35,768] com.yammer.dropwizard.cli.ServerCommand: Starting library-service
INFO  [2013-09-19 18:35:35,770] org.eclipse.jetty.server.Server: jetty-8.1.10.v20130312
INFO  [2013-09-19 18:35:35,863] com.sun.jersey.server.impl.application.WebApplicationImpl: Initiating Jersey application, version 'Jersey: 1.17.1 02/28/2013 12:47 PM'
INFO  [2013-09-19 18:35:35,922] com.yammer.dropwizard.config.Environment: The following paths were found for the configured resources:

    GET     /library/v1/ (edu.sjsu.cmpe.dropwizard.library.api.resources.RootResource)
    DELETE  /library/v1/books/{isbn} (edu.sjsu.cmpe.dropwizard.library.api.resources.BookResource)
    GET     /library/v1/books (edu.sjsu.cmpe.dropwizard.library.api.resources.BookResource)
    GET     /library/v1/books/{isbn} (edu.sjsu.cmpe.dropwizard.library.api.resources.BookResource)
    GET     /library/v1/books/{isbn}/authors (edu.sjsu.cmpe.dropwizard.library.api.resources.BookResource)
    GET     /library/v1/books/{isbn}/authors/{id} (edu.sjsu.cmpe.dropwizard.library.api.resources.BookResource)
    GET     /library/v1/books/{isbn}/reviews (edu.sjsu.cmpe.dropwizard.library.api.resources.BookResource)
    GET     /library/v1/books/{isbn}/reviews/{id} (edu.sjsu.cmpe.dropwizard.library.api.resources.BookResource)
    POST    /library/v1/books (edu.sjsu.cmpe.dropwizard.library.api.resources.BookResource)
    POST    /library/v1/books/{isbn}/reviews (edu.sjsu.cmpe.dropwizard.library.api.resources.BookResource)
    PUT     /library/v1/books/{isbn} (edu.sjsu.cmpe.dropwizard.library.api.resources.BookResource)

INFO  [2013-09-19 18:35:35,922] com.yammer.dropwizard.config.Environment: tasks = 

    POST    /tasks/gc (com.yammer.dropwizard.tasks.GarbageCollectionTask)

INFO  [2013-09-19 18:35:36,160] org.eclipse.jetty.server.AbstractConnector: Started InstrumentedBlockingChannelConnector@0.0.0.0:8010
INFO  [2013-09-19 18:35:36,162] org.eclipse.jetty.server.AbstractConnector: Started SocketConnector@0.0.0.0:8011
WARN  [2013-09-19 18:47:12,398] com.yammer.dropwizard.config.ServerFactory: 
!!!!!!!!!!!!!!!!!!!!!!!!!!!!!!!!!!!!!!!!!!!!!!!!!!!!!!!!!!!!!!!!!!!!!!!!!!!!!!!!
!!!!!!!!!!!!!!!!!!!!!!!!!!!!!!!!!!!!!!!!!!!!!!!!!!!!!!!!!!!!!!!!!!!!!!!!!!!!!!!!
!    THIS SERVICE HAS NO HEALTHCHECKS. THIS MEANS YOU WILL NEVER KNOW IF IT    !
!    DIES IN PRODUCTION, WHICH MEANS YOU WILL NEVER KNOW IF YOU'RE LETTING     !
!     YOUR USERS DOWN. YOU SHOULD ADD A HEALTHCHECK FOR EACH DEPENDENCY OF     !
!     YOUR SERVICE WHICH FULLY (BUT LIGHTLY) TESTS YOUR SERVICE'S ABILITY TO   !
!      USE THAT SERVICE. THINK OF IT AS A CONTINUOUS INTEGRATION TEST.         !
!!!!!!!!!!!!!!!!!!!!!!!!!!!!!!!!!!!!!!!!!!!!!!!!!!!!!!!!!!!!!!!!!!!!!!!!!!!!!!!!
!!!!!!!!!!!!!!!!!!!!!!!!!!!!!!!!!!!!!!!!!!!!!!!!!!!!!!!!!!!!!!!!!!!!!!!!!!!!!!!!
INFO  [2013-09-19 18:47:12,470] com.yammer.dropwizard.cli.ServerCommand: Starting library-service
INFO  [2013-09-19 18:47:12,471] org.eclipse.jetty.server.Server: jetty-8.1.10.v20130312
INFO  [2013-09-19 18:47:12,563] com.sun.jersey.server.impl.application.WebApplicationImpl: Initiating Jersey application, version 'Jersey: 1.17.1 02/28/2013 12:47 PM'
INFO  [2013-09-19 18:47:12,623] com.yammer.dropwizard.config.Environment: The following paths were found for the configured resources:

    GET     /library/v1/ (edu.sjsu.cmpe.dropwizard.library.api.resources.RootResource)
    DELETE  /library/v1/books/{isbn} (edu.sjsu.cmpe.dropwizard.library.api.resources.BookResource)
    GET     /library/v1/books (edu.sjsu.cmpe.dropwizard.library.api.resources.BookResource)
    GET     /library/v1/books/{isbn} (edu.sjsu.cmpe.dropwizard.library.api.resources.BookResource)
    GET     /library/v1/books/{isbn}/authors (edu.sjsu.cmpe.dropwizard.library.api.resources.BookResource)
    GET     /library/v1/books/{isbn}/authors/{id} (edu.sjsu.cmpe.dropwizard.library.api.resources.BookResource)
    GET     /library/v1/books/{isbn}/reviews (edu.sjsu.cmpe.dropwizard.library.api.resources.BookResource)
    GET     /library/v1/books/{isbn}/reviews/{id} (edu.sjsu.cmpe.dropwizard.library.api.resources.BookResource)
    POST    /library/v1/books (edu.sjsu.cmpe.dropwizard.library.api.resources.BookResource)
    POST    /library/v1/books/{isbn}/reviews (edu.sjsu.cmpe.dropwizard.library.api.resources.BookResource)
    PUT     /library/v1/books/{isbn} (edu.sjsu.cmpe.dropwizard.library.api.resources.BookResource)

INFO  [2013-09-19 18:47:12,623] com.yammer.dropwizard.config.Environment: tasks = 

    POST    /tasks/gc (com.yammer.dropwizard.tasks.GarbageCollectionTask)

INFO  [2013-09-19 18:47:12,845] org.eclipse.jetty.server.AbstractConnector: Started InstrumentedBlockingChannelConnector@0.0.0.0:8010
INFO  [2013-09-19 18:47:12,846] org.eclipse.jetty.server.AbstractConnector: Started SocketConnector@0.0.0.0:8011
